Arguments: 
  /Users/antonzotov/.nvm/versions/node/v10.0.0/bin/node /Users/antonzotov/.nvm/versions/node/v10.0.0/bin/yarn start

PATH: 
  /Users/antonzotov/.cargo/bin:/Users/antonzotov/.nvm/versions/node/v10.0.0/bin:/usr/local/heroku/bin:/opt/local/bin:/usr/local/autoconf/bin:/usr/local/bin:/usr/bin:/bin:/usr/sbin:/sbin:/usr/local/go/bin:/Library/Frameworks/Mono.framework/Versions/Current/Commands:/usr/local/git/bin:/Applications/Postgres.app/Contents/Versions/latest/bin:/Applications/Xamarin Workbooks.app/Contents/SharedSupport/path-bin:/Users/antonzotov/.cargo/bin:/usr/local/heroku/bin:/opt/local/bin:/usr/local/autoconf/bin:~/Users/antonzotov/Documents/work/go/src/bitbucket-eng-chn-sjc1.cisco.com/HXDP/$:/opt/local/sbin:/Users/antonzotov/Documents/work/go/bin:~/Users/antonzotov/Documents/work/go/src/bitbucket-eng-chn-sjc1.cisco.com/HXDP/$:/usr/local/bin:/opt/local/bin:/opt/local/sbin:/usr/local/go/bin:/Users/antonzotov/Documents/work/go/bin

Yarn version: 
  1.9.4

Node version: 
  10.0.0

Platform: 
  darwin x64

Trace: 
  SyntaxError: /Users/antonzotov/Documents/work/angular/ddt/package.json: Unexpected token } in JSON at position 376
      at JSON.parse (<anonymous>)
      at /Users/antonzotov/.nvm/versions/node/v10.0.0/lib/node_modules/yarn/lib/cli.js:1130:59
      at Generator.next (<anonymous>)
      at step (/Users/antonzotov/.nvm/versions/node/v10.0.0/lib/node_modules/yarn/lib/cli.js:92:30)
      at /Users/antonzotov/.nvm/versions/node/v10.0.0/lib/node_modules/yarn/lib/cli.js:103:13

npm manifest: 
  {
    "name": "recruitment-task",
    "version": "1.0.0",
    "description": "",
    "main": "index.js",
    "scripts": {
      "start": "node server/start.js",
      "server": "npm start",
      "client": "npm run start --prefix client",
      "test": "npm run test --prefix client",
      "e2e": "npm run e2e --prefix client",
      "dev": "concurrently \"npm run server\" \"npm run client\"",
    },
    "private": true,
    "license": "ISC",
    "dependencies": {
      "@koa/cors": "^2.2.3",
      "get-port": "^3.2.0",
      "koa": "^2.3.0",
      "koa-body": "^4.1.0",
      "koa-router": "^7.4.0",
      "koa-static": "^4.0.1"
    }
  }

yarn manifest: 
  No manifest

Lockfile: 
  No lockfile
